{
  "stats": {
    "suites": 1,
    "tests": 10,
    "passes": 10,
    "pending": 0,
    "failures": 0,
    "start": "2023-07-15T16:01:00.612Z",
    "end": "2023-07-15T16:01:02.719Z",
    "duration": 2107,
    "testsRegistered": 10,
    "passPercent": 100,
    "pendingPercent": 0,
    "other": 0,
    "hasOther": false,
    "skipped": 0,
    "hasSkipped": false
  },
  "results": [
    {
      "uuid": "dbfc7efd-5177-4745-9dbb-60e73b644d1d",
      "title": "",
      "fullFile": "C:\\data\\temp\\at-with-js\\api\\specs\\test.spec.js",
      "file": "\\specs\\test.spec.js",
      "beforeHooks": [],
      "afterHooks": [],
      "tests": [],
      "suites": [
        {
          "uuid": "e2c88ffe-4548-48ce-a2d8-57cf8d43635c",
          "title": "API Test Suite",
          "fullFile": "C:\\data\\temp\\at-with-js\\api\\specs\\test.spec.js",
          "file": "\\specs\\test.spec.js",
          "beforeHooks": [],
          "afterHooks": [],
          "tests": [
            {
              "title": "GET post/1",
              "fullTitle": "API Test Suite GET post/1",
              "timedOut": false,
              "duration": 338,
              "state": "passed",
              "speed": "slow",
              "pass": true,
              "fail": false,
              "pending": false,
              "context": null,
              "code": "const response = await sendRequest('posts/1');\nexpect(response.data.userId).to.equal(1);\nexpect(response.status).to.equal(200);",
              "err": {},
              "uuid": "78aacd0d-29ab-4b6c-b5be-bb2a2029420a",
              "parentUUID": "e2c88ffe-4548-48ce-a2d8-57cf8d43635c",
              "isHook": false,
              "skipped": false
            },
            {
              "title": "GET all users",
              "fullTitle": "API Test Suite GET all users",
              "timedOut": false,
              "duration": 94,
              "state": "passed",
              "speed": "slow",
              "pass": true,
              "fail": false,
              "pending": false,
              "context": null,
              "code": "const response = await sendRequest('users');\nexpect(response.status).to.equal(200);\nexpect(Object.keys(response.data).length).to.equal(10);",
              "err": {},
              "uuid": "d67981e3-6a21-4fec-a7fc-387a7ca06030",
              "parentUUID": "e2c88ffe-4548-48ce-a2d8-57cf8d43635c",
              "isHook": false,
              "skipped": false
            },
            {
              "title": "GET all albums where userId = 1",
              "fullTitle": "API Test Suite GET all albums where userId = 1",
              "timedOut": false,
              "duration": 83,
              "state": "passed",
              "speed": "slow",
              "pass": true,
              "fail": false,
              "pending": false,
              "context": null,
              "code": "const response = await sendRequest('albums?userId=1');\nexpect(response.status).to.equal(200);\nexpect(Object.keys(response.data).length).to.equal(10);",
              "err": {},
              "uuid": "24590697-eb7e-4cba-ac38-7e9bb103db0a",
              "parentUUID": "e2c88ffe-4548-48ce-a2d8-57cf8d43635c",
              "isHook": false,
              "skipped": false
            },
            {
              "title": "GET post/0",
              "fullTitle": "API Test Suite GET post/0",
              "timedOut": false,
              "duration": 107,
              "state": "passed",
              "speed": "slow",
              "pass": true,
              "fail": false,
              "pending": false,
              "context": null,
              "code": "const response = await sendRequest('posts/0');\nexpect(response.status).to.equal(404);",
              "err": {},
              "uuid": "a5a29649-ef1e-467d-8213-6b0c08a0c65d",
              "parentUUID": "e2c88ffe-4548-48ce-a2d8-57cf8d43635c",
              "isHook": false,
              "skipped": false
            },
            {
              "title": "POST posts",
              "fullTitle": "API Test Suite POST posts",
              "timedOut": false,
              "duration": 346,
              "state": "passed",
              "speed": "slow",
              "pass": true,
              "fail": false,
              "pending": false,
              "context": null,
              "code": "const response = await sendRequest('posts', testData, 'post');\nexpect(response.status).to.equal(201);",
              "err": {},
              "uuid": "0b86915d-8bbd-47be-ace8-e99884c8077f",
              "parentUUID": "e2c88ffe-4548-48ce-a2d8-57cf8d43635c",
              "isHook": false,
              "skipped": false
            },
            {
              "title": "POST an empty todo",
              "fullTitle": "API Test Suite POST an empty todo",
              "timedOut": false,
              "duration": 315,
              "state": "passed",
              "speed": "slow",
              "pass": true,
              "fail": false,
              "pending": false,
              "context": null,
              "code": "const invalidData = {};\nconst response = await sendRequest('users/1/todos', invalidData, 'post');\nexpect(response.status).to.equal(201);\nexpect(response.data).to.not.have.own.property('title');\nexpect(response.data).to.not.have.own.property('completed');",
              "err": {},
              "uuid": "e8e7e3a3-380b-45c1-9ced-6654aa6c44b6",
              "parentUUID": "e2c88ffe-4548-48ce-a2d8-57cf8d43635c",
              "isHook": false,
              "skipped": false
            },
            {
              "title": "Update a post",
              "fullTitle": "API Test Suite Update a post",
              "timedOut": false,
              "duration": 292,
              "state": "passed",
              "speed": "slow",
              "pass": true,
              "fail": false,
              "pending": false,
              "context": null,
              "code": "const response = await sendRequest('posts/1', putData, 'put');\nexpect(response.status).to.equal(200);\nexpect(response.data).to.have.own.property('id');\nexpect(response.data).to.have.own.property('title');\nexpect(response.data).to.have.own.property('body');\nexpect(response.data).to.have.own.property('userId');",
              "err": {},
              "uuid": "98ec06d8-d364-4adf-bc10-18d66ba91a50",
              "parentUUID": "e2c88ffe-4548-48ce-a2d8-57cf8d43635c",
              "isHook": false,
              "skipped": false
            },
            {
              "title": "Check it is impossible to update a photo",
              "fullTitle": "API Test Suite Check it is impossible to update a photo",
              "timedOut": false,
              "duration": 309,
              "state": "passed",
              "speed": "slow",
              "pass": true,
              "fail": false,
              "pending": false,
              "context": null,
              "code": "const invalidData = {\n  albumId: 1,\n  id: 1,\n  title: 'accusamus beatae ad facilis cum similique qui sunt',\n  url: 'https://via.placeholder.com/600/92c952',\n  thumbnailUrl: 'https://via.placeholder.com/150/92c952',\n};\nconst response = await sendRequest('albums/1/photos', invalidData, 'put');\nexpect(response.status).to.equal(404);",
              "err": {},
              "uuid": "384dfb11-4ae0-4c3d-9799-e7fd7b23d0ed",
              "parentUUID": "e2c88ffe-4548-48ce-a2d8-57cf8d43635c",
              "isHook": false,
              "skipped": false
            },
            {
              "title": "DELETE an album",
              "fullTitle": "API Test Suite DELETE an album",
              "timedOut": false,
              "duration": 89,
              "state": "passed",
              "speed": "slow",
              "pass": true,
              "fail": false,
              "pending": false,
              "context": null,
              "code": "const response = await sendRequest('albums/1', 'delete');\nexpect(response.status).to.equal(200);",
              "err": {},
              "uuid": "6f0d3058-5efa-4ea9-9114-82513cc4752d",
              "parentUUID": "e2c88ffe-4548-48ce-a2d8-57cf8d43635c",
              "isHook": false,
              "skipped": false
            },
            {
              "title": "Check it is impossible to DELETE comments",
              "fullTitle": "API Test Suite Check it is impossible to DELETE comments",
              "timedOut": false,
              "duration": 95,
              "state": "passed",
              "speed": "slow",
              "pass": true,
              "fail": false,
              "pending": false,
              "context": null,
              "code": "const response = await sendRequest('/posts/2/comments', 'delete');\nexpect(response.status).to.equal(404);",
              "err": {},
              "uuid": "185f63f3-a134-471a-9485-287f8b4cf402",
              "parentUUID": "e2c88ffe-4548-48ce-a2d8-57cf8d43635c",
              "isHook": false,
              "skipped": false
            }
          ],
          "suites": [],
          "passes": [
            "78aacd0d-29ab-4b6c-b5be-bb2a2029420a",
            "d67981e3-6a21-4fec-a7fc-387a7ca06030",
            "24590697-eb7e-4cba-ac38-7e9bb103db0a",
            "a5a29649-ef1e-467d-8213-6b0c08a0c65d",
            "0b86915d-8bbd-47be-ace8-e99884c8077f",
            "e8e7e3a3-380b-45c1-9ced-6654aa6c44b6",
            "98ec06d8-d364-4adf-bc10-18d66ba91a50",
            "384dfb11-4ae0-4c3d-9799-e7fd7b23d0ed",
            "6f0d3058-5efa-4ea9-9114-82513cc4752d",
            "185f63f3-a134-471a-9485-287f8b4cf402"
          ],
          "failures": [],
          "pending": [],
          "skipped": [],
          "duration": 2068,
          "root": false,
          "rootEmpty": false,
          "_timeout": 2000
        }
      ],
      "passes": [],
      "failures": [],
      "pending": [],
      "skipped": [],
      "duration": 0,
      "root": true,
      "rootEmpty": true,
      "_timeout": 2000
    }
  ],
  "meta": {
    "mocha": {
      "version": "10.2.0"
    },
    "mochawesome": {
      "options": {
        "quiet": false,
        "reportFilename": "mochawesome",
        "saveHtml": true,
        "saveJson": true,
        "consoleReporter": "spec",
        "useInlineDiffs": false,
        "code": true
      },
      "version": "7.1.3"
    },
    "marge": {
      "options": null,
      "version": "6.2.0"
    }
  }
}