<?xml version="1.0" encoding="UTF-8"?>
<testsuites>
  <testsuite name="Task 1 test suite" timestamp="2023-07-17T14:06:01" time="7.958" tests="4" failures="0" errors="0" skipped="0">
    <properties>
      <property name="specId" value="0"/>
      <property name="suiteName" value="Task 1 test suite"/>
      <property name="capabilities" value="chrome.114_0_5735_199.windows"/>
      <property name="file" value="file:///D:/JS%20Mentoring%20Program%20Mentee/Yauheniya_Rudzko_Automation_Program_Basic/at-with-js/wdio/test/specs/webdriverIO.spec.js"/>
    </properties>
    <testcase classname="chrome.114_0_5735_199.windows.Task_1_test_suite" name="Verify the dashboard page title" time="3.721">
      <system-out><![CDATA[
COMMAND: POST /session/30f64d855cfdfd18ecbcd7dee1eac17c/url - {"url":"https://ej2.syncfusion.com/showcase/angular/appointmentplanner/#/dashboard"}
RESULT: {"url":"https://ej2.syncfusion.com/showcase/angular/appointmentplanner/#/dashboard"}
COMMAND: GET /session/30f64d855cfdfd18ecbcd7dee1eac17c/title - {}
RESULT: {}
]]></system-out>
    </testcase>
    <testcase classname="chrome.114_0_5735_199.windows.Task_1_test_suite" name="Show an error for an empty doctor email" time="1.222">
      <system-out><![CDATA[
COMMAND: POST /session/30f64d855cfdfd18ecbcd7dee1eac17c/url - {"url":"https://ej2.syncfusion.com/showcase/angular/appointmentplanner/#/dashboard"}
RESULT: {"url":"https://ej2.syncfusion.com/showcase/angular/appointmentplanner/#/dashboard"}
COMMAND: POST /session/30f64d855cfdfd18ecbcd7dee1eac17c/element - {"using":"css selector","value":"div.doctors"}
RESULT: {"using":"css selector","value":"div.doctors"}
COMMAND: POST /session/30f64d855cfdfd18ecbcd7dee1eac17c/element/11E883F125009AE5D32FF6EFCD9102A7_element_52/click - {}
RESULT: {}
COMMAND: POST /session/30f64d855cfdfd18ecbcd7dee1eac17c/element - {"using":"xpath","value":"//button[text()=\"Add New Doctor\"]"}
RESULT: {"using":"xpath","value":"//button[text()=\"Add New Doctor\"]"}
COMMAND: POST /session/30f64d855cfdfd18ecbcd7dee1eac17c/element/11E883F125009AE5D32FF6EFCD9102A7_element_61/click - {}
RESULT: {}
COMMAND: POST /session/30f64d855cfdfd18ecbcd7dee1eac17c/element - {"using":"css selector","value":"input[name=\"Name\"]"}
RESULT: {"using":"css selector","value":"input[name=\"Name\"]"}
COMMAND: POST /session/30f64d855cfdfd18ecbcd7dee1eac17c/element/11E883F125009AE5D32FF6EFCD9102A7_element_63/clear - {}
RESULT: {}
COMMAND: POST /session/30f64d855cfdfd18ecbcd7dee1eac17c/element/11E883F125009AE5D32FF6EFCD9102A7_element_63/value - {"text":"John Doe"}
RESULT: {"text":"John Doe"}
COMMAND: POST /session/30f64d855cfdfd18ecbcd7dee1eac17c/element - {"using":"xpath","value":"//button[text()=\"Save\"]"}
RESULT: {"using":"xpath","value":"//button[text()=\"Save\"]"}
COMMAND: POST /session/30f64d855cfdfd18ecbcd7dee1eac17c/element/11E883F125009AE5D32FF6EFCD9102A7_element_65/click - {}
RESULT: {}
COMMAND: POST /session/30f64d855cfdfd18ecbcd7dee1eac17c/element - {"using":"css selector","value":"label#Email-info"}
RESULT: {"using":"css selector","value":"label#Email-info"}
COMMAND: GET /session/30f64d855cfdfd18ecbcd7dee1eac17c/element/11E883F125009AE5D32FF6EFCD9102A7_element_86/text - {}
RESULT: {}
]]></system-out>
    </testcase>
    <testcase classname="chrome.114_0_5735_199.windows.Task_1_test_suite" name="Search for a patient" time="1.182">
      <system-out><![CDATA[
COMMAND: POST /session/30f64d855cfdfd18ecbcd7dee1eac17c/url - {"url":"https://ej2.syncfusion.com/showcase/angular/appointmentplanner/#/dashboard"}
RESULT: {"url":"https://ej2.syncfusion.com/showcase/angular/appointmentplanner/#/dashboard"}
COMMAND: POST /session/30f64d855cfdfd18ecbcd7dee1eac17c/element - {"using":"css selector","value":"div.patients"}
RESULT: {"using":"css selector","value":"div.patients"}
COMMAND: POST /session/30f64d855cfdfd18ecbcd7dee1eac17c/element/11E883F125009AE5D32FF6EFCD9102A7_element_93/click - {}
RESULT: {}
COMMAND: POST /session/30f64d855cfdfd18ecbcd7dee1eac17c/url - {"url":"https://ej2.syncfusion.com/showcase/angular/appointmentplanner/#/patients"}
RESULT: {"url":"https://ej2.syncfusion.com/showcase/angular/appointmentplanner/#/patients"}
COMMAND: GET /session/30f64d855cfdfd18ecbcd7dee1eac17c/url - {}
RESULT: {}
COMMAND: POST /session/30f64d855cfdfd18ecbcd7dee1eac17c/element - {"using":"css selector","value":"#schedule_searchbar"}
RESULT: {"using":"css selector","value":"#schedule_searchbar"}
COMMAND: POST /session/30f64d855cfdfd18ecbcd7dee1eac17c/element/F89F92EDAD9AB2C18633BF3642BBCFA7_element_106/clear - {}
RESULT: {}
COMMAND: POST /session/30f64d855cfdfd18ecbcd7dee1eac17c/element/F89F92EDAD9AB2C18633BF3642BBCFA7_element_106/value - {"text":"Laura"}
RESULT: {"text":"Laura"}
COMMAND: POST /session/30f64d855cfdfd18ecbcd7dee1eac17c/element - {"using":"xpath","value":"//*[@id=\"schedule_searchbutton\"]"}
RESULT: {"using":"xpath","value":"//*[@id=\"schedule_searchbutton\"]"}
COMMAND: POST /session/30f64d855cfdfd18ecbcd7dee1eac17c/element/F89F92EDAD9AB2C18633BF3642BBCFA7_element_107/click - {}
RESULT: {}
COMMAND: POST /session/30f64d855cfdfd18ecbcd7dee1eac17c/element - {"using":"css selector","value":"tr[aria-rowindex=\"1\"]"}
RESULT: {"using":"css selector","value":"tr[aria-rowindex=\"1\"]"}
COMMAND: POST /session/30f64d855cfdfd18ecbcd7dee1eac17c/element - {"using":"css selector","value":"tr[aria-rowindex=\"2\"]"}
RESULT: {"using":"css selector","value":"tr[aria-rowindex=\"2\"]"}
COMMAND: POST /session/30f64d855cfdfd18ecbcd7dee1eac17c/element - {"using":"css selector","value":"tr[aria-rowindex=\"3\"]"}
RESULT: {"using":"css selector","value":"tr[aria-rowindex=\"3\"]"}
COMMAND: POST /session/30f64d855cfdfd18ecbcd7dee1eac17c/element - {"using":"css selector","value":"tr[aria-rowindex=\"4\"]"}
RESULT: {"using":"css selector","value":"tr[aria-rowindex=\"4\"]"}
COMMAND: POST /session/30f64d855cfdfd18ecbcd7dee1eac17c/element - {"using":"css selector","value":"tr[aria-rowindex=\"5\"]"}
RESULT: {"using":"css selector","value":"tr[aria-rowindex=\"5\"]"}
COMMAND: POST /session/30f64d855cfdfd18ecbcd7dee1eac17c/element - {"using":"css selector","value":"tr[aria-rowindex=\"6\"]"}
RESULT: {"using":"css selector","value":"tr[aria-rowindex=\"6\"]"}
COMMAND: POST /session/30f64d855cfdfd18ecbcd7dee1eac17c/elements - {"using":"css selector","value":"tr[aria-rowindex=\"1\"]"}
RESULT: {"using":"css selector","value":"tr[aria-rowindex=\"1\"]"}
COMMAND: POST /session/30f64d855cfdfd18ecbcd7dee1eac17c/elements - {"using":"css selector","value":"tr[aria-rowindex=\"2\"]"}
RESULT: {"using":"css selector","value":"tr[aria-rowindex=\"2\"]"}
COMMAND: POST /session/30f64d855cfdfd18ecbcd7dee1eac17c/elements - {"using":"css selector","value":"tr[aria-rowindex=\"3\"]"}
RESULT: {"using":"css selector","value":"tr[aria-rowindex=\"3\"]"}
COMMAND: POST /session/30f64d855cfdfd18ecbcd7dee1eac17c/elements - {"using":"css selector","value":"tr[aria-rowindex=\"4\"]"}
RESULT: {"using":"css selector","value":"tr[aria-rowindex=\"4\"]"}
COMMAND: POST /session/30f64d855cfdfd18ecbcd7dee1eac17c/elements - {"using":"css selector","value":"tr[aria-rowindex=\"5\"]"}
RESULT: {"using":"css selector","value":"tr[aria-rowindex=\"5\"]"}
COMMAND: POST /session/30f64d855cfdfd18ecbcd7dee1eac17c/elements - {"using":"css selector","value":"tr[aria-rowindex=\"6\"]"}
RESULT: {"using":"css selector","value":"tr[aria-rowindex=\"6\"]"}
]]></system-out>
    </testcase>
    <testcase classname="chrome.114_0_5735_199.windows.Task_1_test_suite" name="Add a new patient" time="1.82">
      <system-out><![CDATA[
COMMAND: POST /session/30f64d855cfdfd18ecbcd7dee1eac17c/url - {"url":"https://ej2.syncfusion.com/showcase/angular/appointmentplanner/#/patients"}
RESULT: {"url":"https://ej2.syncfusion.com/showcase/angular/appointmentplanner/#/patients"}
COMMAND: POST /session/30f64d855cfdfd18ecbcd7dee1eac17c/element - {"using":"xpath","value":"//*[text()=\"Add New Patient\"]"}
RESULT: {"using":"xpath","value":"//*[text()=\"Add New Patient\"]"}
COMMAND: POST /session/30f64d855cfdfd18ecbcd7dee1eac17c/element/CD3AADE117876DC7BD0FF196D4C9DAC3_element_115/click - {}
RESULT: {}
COMMAND: POST /session/30f64d855cfdfd18ecbcd7dee1eac17c/element - {"using":"xpath","value":"//*[@name=\"Name\"]"}
RESULT: {"using":"xpath","value":"//*[@name=\"Name\"]"}
COMMAND: POST /session/30f64d855cfdfd18ecbcd7dee1eac17c/element/CD3AADE117876DC7BD0FF196D4C9DAC3_element_116/clear - {}
RESULT: {}
COMMAND: POST /session/30f64d855cfdfd18ecbcd7dee1eac17c/element/CD3AADE117876DC7BD0FF196D4C9DAC3_element_116/value - {"text":"Keira Knightley"}
RESULT: {"text":"Keira Knightley"}
COMMAND: POST /session/30f64d855cfdfd18ecbcd7dee1eac17c/element - {"using":"xpath","value":"//*[@for=\"doctorCheckFemale\"]"}
RESULT: {"using":"xpath","value":"//*[@for=\"doctorCheckFemale\"]"}
COMMAND: POST /session/30f64d855cfdfd18ecbcd7dee1eac17c/element/CD3AADE117876DC7BD0FF196D4C9DAC3_element_118/click - {}
RESULT: {}
COMMAND: POST /session/30f64d855cfdfd18ecbcd7dee1eac17c/element - {"using":"css selector","value":"#DOB_input"}
RESULT: {"using":"css selector","value":"#DOB_input"}
COMMAND: POST /session/30f64d855cfdfd18ecbcd7dee1eac17c/element/CD3AADE117876DC7BD0FF196D4C9DAC3_element_120/clear - {}
RESULT: {}
COMMAND: POST /session/30f64d855cfdfd18ecbcd7dee1eac17c/element/CD3AADE117876DC7BD0FF196D4C9DAC3_element_120/value - {"text":"3/26/1985"}
RESULT: {"text":"3/26/1985"}
COMMAND: POST /session/30f64d855cfdfd18ecbcd7dee1eac17c/element - {"using":"css selector","value":"#PatientMobile"}
RESULT: {"using":"css selector","value":"#PatientMobile"}
COMMAND: POST /session/30f64d855cfdfd18ecbcd7dee1eac17c/element/CD3AADE117876DC7BD0FF196D4C9DAC3_element_136/clear - {}
RESULT: {}
COMMAND: POST /session/30f64d855cfdfd18ecbcd7dee1eac17c/element/CD3AADE117876DC7BD0FF196D4C9DAC3_element_136/value - {"text":"1234567890"}
RESULT: {"text":"1234567890"}
COMMAND: POST /session/30f64d855cfdfd18ecbcd7dee1eac17c/element - {"using":"css selector","value":"input[name=\"Email\"]"}
RESULT: {"using":"css selector","value":"input[name=\"Email\"]"}
COMMAND: POST /session/30f64d855cfdfd18ecbcd7dee1eac17c/element/CD3AADE117876DC7BD0FF196D4C9DAC3_element_139/clear - {}
RESULT: {}
COMMAND: POST /session/30f64d855cfdfd18ecbcd7dee1eac17c/element/CD3AADE117876DC7BD0FF196D4C9DAC3_element_139/value - {"text":"test@epam.com"}
RESULT: {"text":"test@epam.com"}
COMMAND: POST /session/30f64d855cfdfd18ecbcd7dee1eac17c/element - {"using":"css selector","value":"input[name=\"Symptoms\"]"}
RESULT: {"using":"css selector","value":"input[name=\"Symptoms\"]"}
COMMAND: POST /session/30f64d855cfdfd18ecbcd7dee1eac17c/element/CD3AADE117876DC7BD0FF196D4C9DAC3_element_142/clear - {}
RESULT: {}
COMMAND: POST /session/30f64d855cfdfd18ecbcd7dee1eac17c/element/CD3AADE117876DC7BD0FF196D4C9DAC3_element_142/value - {"text":"Lorem ipsum dolor sit amet"}
RESULT: {"text":"Lorem ipsum dolor sit amet"}
COMMAND: POST /session/30f64d855cfdfd18ecbcd7dee1eac17c/element - {"using":"xpath","value":"//*[text()=\"Save\"]"}
RESULT: {"using":"xpath","value":"//*[text()=\"Save\"]"}
COMMAND: POST /session/30f64d855cfdfd18ecbcd7dee1eac17c/element/CD3AADE117876DC7BD0FF196D4C9DAC3_element_145/click - {}
RESULT: {}
COMMAND: POST /session/30f64d855cfdfd18ecbcd7dee1eac17c/element - {"using":"css selector","value":"td[aria-label=\"8 column header ID\"]"}
RESULT: {"using":"css selector","value":"td[aria-label=\"8 column header ID\"]"}
COMMAND: POST /session/30f64d855cfdfd18ecbcd7dee1eac17c/element - {"using":"css selector","value":"tr[aria-rowindex=\"7\"] span[class=\"patient-name\"]"}
COMMAND: POST /session/30f64d855cfdfd18ecbcd7dee1eac17c/execute/sync - {"script":"return (function isElementDisplayed(element) {\n    function nodeIsElement(node) {\n        if (!node) {\n            return false;\n        }\n        switch (node.nodeType) {\n            case Node.ELEMEN ... (7807 more bytes)","args":[{"element-6066-11e4-a52e-4f735466cecf":"CD3AADE117876DC7BD0FF196D4C9DAC3_element_146","ELEMENT":"CD3AADE117876DC7BD0FF196D4C9DAC3_element_146"}]}
RESULT: {"using":"css selector","value":"tr[aria-rowindex=\"7\"] span[class=\"patient-name\"]"}
COMMAND: POST /session/30f64d855cfdfd18ecbcd7dee1eac17c/element - {"using":"css selector","value":"tr[aria-rowindex=\"7\"]>td[aria-colindex=\"2\"]"}
COMMAND: GET /session/30f64d855cfdfd18ecbcd7dee1eac17c/element/CD3AADE117876DC7BD0FF196D4C9DAC3_element_147/text - {}
RESULT: {"script":"return (function isElementDisplayed(element) {\n    function nodeIsElement(node) {\n        if (!node) {\n            return false;\n        }\n        switch (node.nodeType) {\n            case Node.ELEMEN ... (7807 more bytes)","args":[{"element-6066-11e4-a52e-4f735466cecf":"CD3AADE117876DC7BD0FF196D4C9DAC3_element_146","ELEMENT":"CD3AADE117876DC7BD0FF196D4C9DAC3_element_146"}]}
RESULT: {"using":"css selector","value":"tr[aria-rowindex=\"7\"]>td[aria-colindex=\"2\"]"}
COMMAND: POST /session/30f64d855cfdfd18ecbcd7dee1eac17c/element - {"using":"css selector","value":"tr[aria-rowindex=\"7\"]>td[aria-colindex=\"3\"]"}
COMMAND: GET /session/30f64d855cfdfd18ecbcd7dee1eac17c/element/CD3AADE117876DC7BD0FF196D4C9DAC3_element_148/property/aria-label - {}
RESULT: {}
RESULT: {"using":"css selector","value":"tr[aria-rowindex=\"7\"]>td[aria-colindex=\"3\"]"}
COMMAND: POST /session/30f64d855cfdfd18ecbcd7dee1eac17c/element - {"using":"css selector","value":"tr[aria-rowindex=\"7\"]>td[aria-colindex=\"4\"]"}
COMMAND: GET /session/30f64d855cfdfd18ecbcd7dee1eac17c/element/CD3AADE117876DC7BD0FF196D4C9DAC3_element_149/text - {}
RESULT: {}
RESULT: {"using":"css selector","value":"tr[aria-rowindex=\"7\"]>td[aria-colindex=\"4\"]"}
COMMAND: POST /session/30f64d855cfdfd18ecbcd7dee1eac17c/element - {"using":"css selector","value":"tr[aria-rowindex=\"7\"]>td[aria-colindex=\"5\"]"}
COMMAND: GET /session/30f64d855cfdfd18ecbcd7dee1eac17c/element/CD3AADE117876DC7BD0FF196D4C9DAC3_element_150/text - {}
RESULT: {}
RESULT: {"using":"css selector","value":"tr[aria-rowindex=\"7\"]>td[aria-colindex=\"5\"]"}
COMMAND: POST /session/30f64d855cfdfd18ecbcd7dee1eac17c/element - {"using":"css selector","value":"tr[aria-rowindex=\"7\"]>td[aria-colindex=\"6\"]"}
COMMAND: GET /session/30f64d855cfdfd18ecbcd7dee1eac17c/element/CD3AADE117876DC7BD0FF196D4C9DAC3_element_151/text - {}
RESULT: {}
RESULT: {"using":"css selector","value":"tr[aria-rowindex=\"7\"]>td[aria-colindex=\"6\"]"}
COMMAND: GET /session/30f64d855cfdfd18ecbcd7dee1eac17c/element/CD3AADE117876DC7BD0FF196D4C9DAC3_element_152/text - {}
COMMAND: DELETE /session/30f64d855cfdfd18ecbcd7dee1eac17c - {}
RESULT: {}
RESULT: {}
RESULT: {}
]]></system-out>
    </testcase>
  </testsuite>
</testsuites>