<?xml version="1.0" encoding="UTF-8"?>
<testsuites>
  <testsuite name="Task 3 test suite" timestamp="2023-07-17T14:04:57" time="36.105" tests="4" failures="2" errors="2" skipped="0">
    <properties>
      <property name="specId" value="0"/>
      <property name="suiteName" value="Task 3 test suite"/>
      <property name="capabilities" value="chrome.114_0_5735_199.windows"/>
      <property name="file" value="file:///D:/JS%20Mentoring%20Program%20Mentee/Yauheniya_Rudzko_Automation_Program_Basic/at-with-js/wdio/test/specs/advancedCommands.spec.js"/>
    </properties>
    <testcase classname="chrome.114_0_5735_199.windows.Task_3_test_suite" name="Execute change color of the button text" time="3.82">
      <system-out><![CDATA[
COMMAND: POST /session/96a2ecb6d5c8754c83586dca155dc3dd/url - {"url":"https://ej2.syncfusion.com/showcase/angular/appointmentplanner/#/doctors"}
RESULT: {"url":"https://ej2.syncfusion.com/showcase/angular/appointmentplanner/#/doctors"}
COMMAND: POST /session/96a2ecb6d5c8754c83586dca155dc3dd/element - {"using":"xpath","value":"//*[text()=\"Add New Doctor\"]"}
RESULT: {"using":"xpath","value":"//*[text()=\"Add New Doctor\"]"}
COMMAND: POST /session/96a2ecb6d5c8754c83586dca155dc3dd/execute/sync - {"script":"return (function(button) {\r\n      button.style.color='#ad2019';\r\n    }).apply(null, arguments)","args":[{"element-6066-11e4-a52e-4f735466cecf":"4F25DC8FBA59EBA4D0AADE023ACFA98C_element_20","ELEMENT":"4F25DC8FBA59EBA4D0AADE023ACFA98C_element_20"}]}
RESULT: {"script":"return (function(button) {\r\n      button.style.color='#ad2019';\r\n    }).apply(null, arguments)","args":[{"element-6066-11e4-a52e-4f735466cecf":"4F25DC8FBA59EBA4D0AADE023ACFA98C_element_20","ELEMENT":"4F25DC8FBA59EBA4D0AADE023ACFA98C_element_20"}]}
]]></system-out>
    </testcase>
    <testcase classname="chrome.114_0_5735_199.windows.Task_3_test_suite" name="waitUntil explore guru99" time="1.801">
      <failure/>
      <error message="element not interactable&#xA;  (Session info: chrome=114.0.5735.199)"/>
      <system-out><![CDATA[
COMMAND: POST /session/96a2ecb6d5c8754c83586dca155dc3dd/url - {"url":"https://www.guru99.com/"}
RESULT: {"url":"https://www.guru99.com/"}
COMMAND: POST /session/96a2ecb6d5c8754c83586dca155dc3dd/element - {"using":"xpath","value":"//button[@aria-label=\"View Search Form\"]"}
RESULT: {"using":"xpath","value":"//button[@aria-label=\"View Search Form\"]"}
COMMAND: POST /session/96a2ecb6d5c8754c83586dca155dc3dd/element/4CA99FF75C8B74992CB6FB84F2A9EE6C_element_16/click - {}
COMMAND: GET /session/96a2ecb6d5c8754c83586dca155dc3dd/screenshot - {}
RESULT: {}
]]></system-out>
      <system-err><![CDATA[
element not interactable: element not interactable
  (Session info: chrome=114.0.5735.199)
    at process.processTicksAndRejections (node:internal/process/task_queues:95:5)
    at async Context.<anonymous> (D:\JS Mentoring Program Mentee\Yauheniya_Rudzko_Automation_Program_Basic\at-with-js\wdio\test\specs\advancedCommands.spec.js:14:5)
]]></system-err>
    </testcase>
    <testcase classname="chrome.114_0_5735_199.windows.Task_3_test_suite" name="Actions double click an appointment" time="12.18">
      <failure/>
      <error message="Expect $(`//div[text()=&quot;Edit Appointment&quot;]`) to be displayed&#xA;&#xA;Expected: &quot;displayed&quot;&#xA;Received: &quot;not displayed&quot;"/>
      <system-out><![CDATA[
COMMAND: POST /session/96a2ecb6d5c8754c83586dca155dc3dd/url - {"url":"https://ej2.syncfusion.com/showcase/angular/appointmentplanner/#/calendar"}
RESULT: {"url":"https://ej2.syncfusion.com/showcase/angular/appointmentplanner/#/calendar"}
COMMAND: POST /session/96a2ecb6d5c8754c83586dca155dc3dd/element - {"using":"css selector","value":"div[data-id=\"Appointment_1002\"]"}
RESULT: {"using":"css selector","value":"div[data-id=\"Appointment_1002\"]"}
COMMAND: POST /session/96a2ecb6d5c8754c83586dca155dc3dd/actions - {"actions":[{"id":"action1","type":"pointer","parameters":{"pointerType":"mouse"},"actions":[{"type":"pointerMove","button":0,"width":0,"height":0,"pressure":0,"tangentialPressure":0,"tiltX":0,"tiltY":0,"twist":0,"altitudeAngle":0,"_":"5 more keys: [\"azimuthAngle\",\"x\",\"y\",\"duration\",\"origin\"]"},{"type":"pointerDown","button":0,"width":0,"height":0,"pressure":0,"tangentialPressure":0,"tiltX":0,"tiltY":0,"twist":0,"altitudeAngle":0,"_":"1 more keys: [\"azimuthAngle\"]"},{"type":"pointerUp","button":0},{"type":"pause","duration":10},{"type":"pointerDown","button":0,"width":0,"height":0,"pressure":0,"tangentialPressure":0,"tiltX":0,"tiltY":0,"twist":0,"altitudeAngle":0,"_":"1 more keys: [\"azimuthAngle\"]"},{"type":"pointerUp","button":0}]}]}
RESULT: {"actions":[{"id":"action1","type":"pointer","parameters":{"pointerType":"mouse"},"actions":[{"type":"pointerMove","button":0,"width":0,"height":0,"pressure":0,"tangentialPressure":0,"tiltX":0,"tiltY":0,"twist":0,"altitudeAngle":0,"_":"5 more keys: [\"azimuthAngle\",\"x\",\"y\",\"duration\",\"origin\"]"},{"type":"pointerDown","button":0,"width":0,"height":0,"pressure":0,"tangentialPressure":0,"tiltX":0,"tiltY":0,"twist":0,"altitudeAngle":0,"_":"1 more keys: [\"azimuthAngle\"]"},{"type":"pointerUp","button":0},{"type":"pause","duration":10},{"type":"pointerDown","button":0,"width":0,"height":0,"pressure":0,"tangentialPressure":0,"tiltX":0,"tiltY":0,"twist":0,"altitudeAngle":0,"_":"1 more keys: [\"azimuthAngle\"]"},{"type":"pointerUp","button":0}]}]}
COMMAND: DELETE /session/96a2ecb6d5c8754c83586dca155dc3dd/actions - {}
RESULT: {}
COMMAND: POST /session/96a2ecb6d5c8754c83586dca155dc3dd/element - {"using":"xpath","value":"//div[text()=\"Edit Appointment\"]"}
RESULT: {"using":"xpath","value":"//div[text()=\"Edit Appointment\"]"}
COMMAND: POST /session/96a2ecb6d5c8754c83586dca155dc3dd/element - {"using":"xpath","value":"//div[text()=\"Edit Appointment\"]"}
RESULT: {"using":"xpath","value":"//div[text()=\"Edit Appointment\"]"}
COMMAND: POST /session/96a2ecb6d5c8754c83586dca155dc3dd/element - {"using":"xpath","value":"//div[text()=\"Edit Appointment\"]"}
RESULT: {"using":"xpath","value":"//div[text()=\"Edit Appointment\"]"}
COMMAND: POST /session/96a2ecb6d5c8754c83586dca155dc3dd/element - {"using":"xpath","value":"//div[text()=\"Edit Appointment\"]"}
RESULT: {"using":"xpath","value":"//div[text()=\"Edit Appointment\"]"}
COMMAND: POST /session/96a2ecb6d5c8754c83586dca155dc3dd/element - {"using":"xpath","value":"//div[text()=\"Edit Appointment\"]"}
RESULT: {"using":"xpath","value":"//div[text()=\"Edit Appointment\"]"}
COMMAND: POST /session/96a2ecb6d5c8754c83586dca155dc3dd/element - {"using":"xpath","value":"//div[text()=\"Edit Appointment\"]"}
RESULT: {"using":"xpath","value":"//div[text()=\"Edit Appointment\"]"}
COMMAND: POST /session/96a2ecb6d5c8754c83586dca155dc3dd/element - {"using":"xpath","value":"//div[text()=\"Edit Appointment\"]"}
RESULT: {"using":"xpath","value":"//div[text()=\"Edit Appointment\"]"}
COMMAND: POST /session/96a2ecb6d5c8754c83586dca155dc3dd/element - {"using":"xpath","value":"//div[text()=\"Edit Appointment\"]"}
RESULT: {"using":"xpath","value":"//div[text()=\"Edit Appointment\"]"}
COMMAND: POST /session/96a2ecb6d5c8754c83586dca155dc3dd/element - {"using":"xpath","value":"//div[text()=\"Edit Appointment\"]"}
RESULT: {"using":"xpath","value":"//div[text()=\"Edit Appointment\"]"}
COMMAND: POST /session/96a2ecb6d5c8754c83586dca155dc3dd/element - {"using":"xpath","value":"//div[text()=\"Edit Appointment\"]"}
RESULT: {"using":"xpath","value":"//div[text()=\"Edit Appointment\"]"}
COMMAND: POST /session/96a2ecb6d5c8754c83586dca155dc3dd/element - {"using":"xpath","value":"//div[text()=\"Edit Appointment\"]"}
RESULT: {"using":"xpath","value":"//div[text()=\"Edit Appointment\"]"}
COMMAND: POST /session/96a2ecb6d5c8754c83586dca155dc3dd/element - {"using":"xpath","value":"//div[text()=\"Edit Appointment\"]"}
RESULT: {"using":"xpath","value":"//div[text()=\"Edit Appointment\"]"}
COMMAND: POST /session/96a2ecb6d5c8754c83586dca155dc3dd/element - {"using":"xpath","value":"//div[text()=\"Edit Appointment\"]"}
RESULT: {"using":"xpath","value":"//div[text()=\"Edit Appointment\"]"}
COMMAND: POST /session/96a2ecb6d5c8754c83586dca155dc3dd/element - {"using":"xpath","value":"//div[text()=\"Edit Appointment\"]"}
RESULT: {"using":"xpath","value":"//div[text()=\"Edit Appointment\"]"}
COMMAND: POST /session/96a2ecb6d5c8754c83586dca155dc3dd/element - {"using":"xpath","value":"//div[text()=\"Edit Appointment\"]"}
RESULT: {"using":"xpath","value":"//div[text()=\"Edit Appointment\"]"}
COMMAND: POST /session/96a2ecb6d5c8754c83586dca155dc3dd/element - {"using":"xpath","value":"//div[text()=\"Edit Appointment\"]"}
RESULT: {"using":"xpath","value":"//div[text()=\"Edit Appointment\"]"}
COMMAND: POST /session/96a2ecb6d5c8754c83586dca155dc3dd/element - {"using":"xpath","value":"//div[text()=\"Edit Appointment\"]"}
RESULT: {"using":"xpath","value":"//div[text()=\"Edit Appointment\"]"}
COMMAND: POST /session/96a2ecb6d5c8754c83586dca155dc3dd/element - {"using":"xpath","value":"//div[text()=\"Edit Appointment\"]"}
RESULT: {"using":"xpath","value":"//div[text()=\"Edit Appointment\"]"}
COMMAND: POST /session/96a2ecb6d5c8754c83586dca155dc3dd/element - {"using":"xpath","value":"//div[text()=\"Edit Appointment\"]"}
RESULT: {"using":"xpath","value":"//div[text()=\"Edit Appointment\"]"}
COMMAND: POST /session/96a2ecb6d5c8754c83586dca155dc3dd/element - {"using":"xpath","value":"//div[text()=\"Edit Appointment\"]"}
RESULT: {"using":"xpath","value":"//div[text()=\"Edit Appointment\"]"}
COMMAND: GET /session/96a2ecb6d5c8754c83586dca155dc3dd/screenshot - {}
RESULT: {}
]]></system-out>
      <system-err><![CDATA[
Error: Expect $(`//div[text()="Edit Appointment"]`) to be displayed

Expected: "displayed"
Received: "not displayed"
    at Context.<anonymous> (D:\JS Mentoring Program Mentee\Yauheniya_Rudzko_Automation_Program_Basic\at-with-js\wdio\test\specs\advancedCommands.spec.js:27:30)
    at process.processTicksAndRejections (node:internal/process/task_queues:95:5)
]]></system-err>
    </testcase>
    <testcase classname="chrome.114_0_5735_199.windows.Task_3_test_suite" name="Clear cookies" time="18.291">
      <system-out><![CDATA[
COMMAND: POST /session/96a2ecb6d5c8754c83586dca155dc3dd/url - {"url":"https://dpm.by/auth/"}
RESULT: {"url":"https://dpm.by/auth/"}
COMMAND: POST /session/96a2ecb6d5c8754c83586dca155dc3dd/element - {"using":"xpath","value":"//div[@class=\"window__block\"]/input[@name=\"USER_LOGIN\"]"}
RESULT: {"using":"xpath","value":"//div[@class=\"window__block\"]/input[@name=\"USER_LOGIN\"]"}
COMMAND: POST /session/96a2ecb6d5c8754c83586dca155dc3dd/element/7EF7CD1C48AF625ADA7064984F329D82_element_8/clear - {}
RESULT: {}
COMMAND: POST /session/96a2ecb6d5c8754c83586dca155dc3dd/element/7EF7CD1C48AF625ADA7064984F329D82_element_8/value - {"text":"3388100"}
RESULT: {"text":"3388100"}
COMMAND: POST /session/96a2ecb6d5c8754c83586dca155dc3dd/element - {"using":"xpath","value":"//div[@class=\"window__block\"]/input[@name=\"USER_PASSWORD\"]"}
RESULT: {"using":"xpath","value":"//div[@class=\"window__block\"]/input[@name=\"USER_PASSWORD\"]"}
COMMAND: POST /session/96a2ecb6d5c8754c83586dca155dc3dd/element/7EF7CD1C48AF625ADA7064984F329D82_element_36/clear - {}
RESULT: {}
COMMAND: POST /session/96a2ecb6d5c8754c83586dca155dc3dd/element/7EF7CD1C48AF625ADA7064984F329D82_element_36/value - {"text":"haVv5pen"}
RESULT: {"text":"haVv5pen"}
COMMAND: POST /session/96a2ecb6d5c8754c83586dca155dc3dd/element - {"using":"xpath","value":"//*[@name=\"AUTH_ACTION\"]"}
RESULT: {"using":"xpath","value":"//*[@name=\"AUTH_ACTION\"]"}
COMMAND: POST /session/96a2ecb6d5c8754c83586dca155dc3dd/element/7EF7CD1C48AF625ADA7064984F329D82_element_37/click - {}
RESULT: {}
COMMAND: POST /session/96a2ecb6d5c8754c83586dca155dc3dd/element - {"using":"xpath","value":"//*[@class=\"persmainGrid\"]"}
RESULT: {"using":"xpath","value":"//*[@class=\"persmainGrid\"]"}
COMMAND: POST /session/96a2ecb6d5c8754c83586dca155dc3dd/execute/sync - {"script":"return (function isElementDisplayed(element) {\n    function nodeIsElement(node) {\n        if (!node) {\n            return false;\n        }\n        switch (node.nodeType) {\n            case Node.ELEMEN ... (7807 more bytes)","args":[{"element-6066-11e4-a52e-4f735466cecf":"41A3737CB1D78F5127C85D2EF390017D_element_64","ELEMENT":"41A3737CB1D78F5127C85D2EF390017D_element_64"}]}
RESULT: {"script":"return (function isElementDisplayed(element) {\n    function nodeIsElement(node) {\n        if (!node) {\n            return false;\n        }\n        switch (node.nodeType) {\n            case Node.ELEMEN ... (7807 more bytes)","args":[{"element-6066-11e4-a52e-4f735466cecf":"41A3737CB1D78F5127C85D2EF390017D_element_64","ELEMENT":"41A3737CB1D78F5127C85D2EF390017D_element_64"}]}
COMMAND: DELETE /session/96a2ecb6d5c8754c83586dca155dc3dd/cookie - {}
RESULT: {}
COMMAND: POST /session/96a2ecb6d5c8754c83586dca155dc3dd/refresh - {}
RESULT: {}
COMMAND: POST /session/96a2ecb6d5c8754c83586dca155dc3dd/elements - {"using":"xpath","value":"//*[@class=\"persmainGrid\"]"}
RESULT: {"using":"xpath","value":"//*[@class=\"persmainGrid\"]"}
COMMAND: DELETE /session/96a2ecb6d5c8754c83586dca155dc3dd - {}
RESULT: {}
]]></system-out>
    </testcase>
  </testsuite>
</testsuites>