<?xml version="1.0" encoding="UTF-8"?>
<testsuites>
  <testsuite name="Task 3 test suite" timestamp="2023-07-17T14:06:16" time="14.194" tests="4" failures="2" errors="2" skipped="0">
    <properties>
      <property name="specId" value="0"/>
      <property name="suiteName" value="Task 3 test suite"/>
      <property name="capabilities" value="firefox.115_0_2.windows"/>
      <property name="file" value="file:///D:/JS%20Mentoring%20Program%20Mentee/Yauheniya_Rudzko_Automation_Program_Basic/at-with-js/wdio/test/specs/advancedCommands.spec.js"/>
    </properties>
    <testcase classname="firefox.115_0_2.windows.Task_3_test_suite" name="Execute change color of the button text" time="3.723">
      <system-out><![CDATA[
COMMAND: POST /session/cf918508-7d45-400b-82fc-0996cd31b754/url - {"url":"https://ej2.syncfusion.com/showcase/angular/appointmentplanner/#/doctors"}
RESULT: {"url":"https://ej2.syncfusion.com/showcase/angular/appointmentplanner/#/doctors"}
COMMAND: POST /session/cf918508-7d45-400b-82fc-0996cd31b754/element - {"using":"xpath","value":"//*[text()=\"Add New Doctor\"]"}
RESULT: {"using":"xpath","value":"//*[text()=\"Add New Doctor\"]"}
COMMAND: POST /session/cf918508-7d45-400b-82fc-0996cd31b754/execute/sync - {"script":"return (function(button) {\r\n      button.style.color='#ad2019';\r\n    }).apply(null, arguments)","args":[{"element-6066-11e4-a52e-4f735466cecf":"49f687a3-9941-4c4f-8273-7b45fbf6f1f2","ELEMENT":"49f687a3-9941-4c4f-8273-7b45fbf6f1f2"}]}
RESULT: {"script":"return (function(button) {\r\n      button.style.color='#ad2019';\r\n    }).apply(null, arguments)","args":[{"element-6066-11e4-a52e-4f735466cecf":"49f687a3-9941-4c4f-8273-7b45fbf6f1f2","ELEMENT":"49f687a3-9941-4c4f-8273-7b45fbf6f1f2"}]}
]]></system-out>
    </testcase>
    <testcase classname="firefox.115_0_2.windows.Task_3_test_suite" name="waitUntil explore guru99" time="2.008">
      <failure/>
      <error message="Element &lt;input class=&quot;search-field&quot; name=&quot;s&quot; type=&quot;search&quot;> could not be scrolled into view"/>
      <system-out><![CDATA[
COMMAND: POST /session/cf918508-7d45-400b-82fc-0996cd31b754/url - {"url":"https://www.guru99.com/"}
RESULT: {"url":"https://www.guru99.com/"}
COMMAND: POST /session/cf918508-7d45-400b-82fc-0996cd31b754/element - {"using":"xpath","value":"//button[@aria-label=\"View Search Form\"]"}
RESULT: {"using":"xpath","value":"//button[@aria-label=\"View Search Form\"]"}
COMMAND: POST /session/cf918508-7d45-400b-82fc-0996cd31b754/element/29298d44-af64-4fb9-8c2c-b7d8826e227f/click - {}
RESULT: {}
COMMAND: POST /session/cf918508-7d45-400b-82fc-0996cd31b754/element - {"using":"css selector","value":"input[type=\"Search\"]"}
RESULT: {"using":"css selector","value":"input[type=\"Search\"]"}
COMMAND: POST /session/cf918508-7d45-400b-82fc-0996cd31b754/element/1ef612cd-63d1-4083-9b15-da9680f73014/clear - {}
COMMAND: GET /session/cf918508-7d45-400b-82fc-0996cd31b754/screenshot - {}
RESULT: {}
]]></system-out>
      <system-err><![CDATA[
element not interactable: Element <input class="search-field" name="s" type="search"> could not be scrolled into view
    at process.processTicksAndRejections (node:internal/process/task_queues:95:5)
    at async Context.<anonymous> (D:\JS Mentoring Program Mentee\Yauheniya_Rudzko_Automation_Program_Basic\at-with-js\wdio\test\specs\advancedCommands.spec.js:15:5)
]]></system-err>
    </testcase>
    <testcase classname="firefox.115_0_2.windows.Task_3_test_suite" name="Actions double click an appointment" time="2.34">
      <system-out><![CDATA[
COMMAND: POST /session/cf918508-7d45-400b-82fc-0996cd31b754/url - {"url":"https://ej2.syncfusion.com/showcase/angular/appointmentplanner/#/calendar"}
RESULT: {"url":"https://ej2.syncfusion.com/showcase/angular/appointmentplanner/#/calendar"}
COMMAND: POST /session/cf918508-7d45-400b-82fc-0996cd31b754/element - {"using":"css selector","value":"div[data-id=\"Appointment_1002\"]"}
RESULT: {"using":"css selector","value":"div[data-id=\"Appointment_1002\"]"}
COMMAND: POST /session/cf918508-7d45-400b-82fc-0996cd31b754/actions - {"actions":[{"id":"action1","type":"pointer","parameters":{"pointerType":"mouse"},"actions":[{"type":"pointerMove","button":0,"width":0,"height":0,"pressure":0,"tangentialPressure":0,"tiltX":0,"tiltY":0,"twist":0,"altitudeAngle":0,"_":"5 more keys: [\"azimuthAngle\",\"x\",\"y\",\"duration\",\"origin\"]"},{"type":"pointerDown","button":0,"width":0,"height":0,"pressure":0,"tangentialPressure":0,"tiltX":0,"tiltY":0,"twist":0,"altitudeAngle":0,"_":"1 more keys: [\"azimuthAngle\"]"},{"type":"pointerUp","button":0},{"type":"pause","duration":10},{"type":"pointerDown","button":0,"width":0,"height":0,"pressure":0,"tangentialPressure":0,"tiltX":0,"tiltY":0,"twist":0,"altitudeAngle":0,"_":"1 more keys: [\"azimuthAngle\"]"},{"type":"pointerUp","button":0}]}]}
RESULT: {"actions":[{"id":"action1","type":"pointer","parameters":{"pointerType":"mouse"},"actions":[{"type":"pointerMove","button":0,"width":0,"height":0,"pressure":0,"tangentialPressure":0,"tiltX":0,"tiltY":0,"twist":0,"altitudeAngle":0,"_":"5 more keys: [\"azimuthAngle\",\"x\",\"y\",\"duration\",\"origin\"]"},{"type":"pointerDown","button":0,"width":0,"height":0,"pressure":0,"tangentialPressure":0,"tiltX":0,"tiltY":0,"twist":0,"altitudeAngle":0,"_":"1 more keys: [\"azimuthAngle\"]"},{"type":"pointerUp","button":0},{"type":"pause","duration":10},{"type":"pointerDown","button":0,"width":0,"height":0,"pressure":0,"tangentialPressure":0,"tiltX":0,"tiltY":0,"twist":0,"altitudeAngle":0,"_":"1 more keys: [\"azimuthAngle\"]"},{"type":"pointerUp","button":0}]}]}
COMMAND: DELETE /session/cf918508-7d45-400b-82fc-0996cd31b754/actions - {}
RESULT: {}
COMMAND: POST /session/cf918508-7d45-400b-82fc-0996cd31b754/element - {"using":"xpath","value":"//div[text()=\"Edit Appointment\"]"}
RESULT: {"using":"xpath","value":"//div[text()=\"Edit Appointment\"]"}
COMMAND: GET /session/cf918508-7d45-400b-82fc-0996cd31b754/element/36a8a7b0-8d24-4a2d-b2cd-2cfbc2690a24/displayed - {}
RESULT: {}
]]></system-out>
    </testcase>
    <testcase classname="firefox.115_0_2.windows.Task_3_test_suite" name="Clear cookies" time="6.111">
      <failure/>
      <error message="Element &lt;input class=&quot;waybox-button&quot; name=&quot;AUTH_ACTION&quot; type=&quot;submit&quot;> could not be scrolled into view"/>
      <system-out><![CDATA[
COMMAND: POST /session/cf918508-7d45-400b-82fc-0996cd31b754/url - {"url":"https://dpm.by/auth/"}
RESULT: {"url":"https://dpm.by/auth/"}
COMMAND: POST /session/cf918508-7d45-400b-82fc-0996cd31b754/element - {"using":"xpath","value":"//div[@class=\"window__block\"]/input[@name=\"USER_LOGIN\"]"}
RESULT: {"using":"xpath","value":"//div[@class=\"window__block\"]/input[@name=\"USER_LOGIN\"]"}
COMMAND: POST /session/cf918508-7d45-400b-82fc-0996cd31b754/element/36b2a75b-9a4a-481f-9551-6ed11df880bf/clear - {}
RESULT: {}
COMMAND: POST /session/cf918508-7d45-400b-82fc-0996cd31b754/element/36b2a75b-9a4a-481f-9551-6ed11df880bf/value - {"text":"3388100"}
RESULT: {"text":"3388100"}
COMMAND: POST /session/cf918508-7d45-400b-82fc-0996cd31b754/element - {"using":"xpath","value":"//div[@class=\"window__block\"]/input[@name=\"USER_PASSWORD\"]"}
RESULT: {"using":"xpath","value":"//div[@class=\"window__block\"]/input[@name=\"USER_PASSWORD\"]"}
COMMAND: POST /session/cf918508-7d45-400b-82fc-0996cd31b754/element/e016b75b-a94b-42b4-a98d-eeeddd7ac816/clear - {}
RESULT: {}
COMMAND: POST /session/cf918508-7d45-400b-82fc-0996cd31b754/element/e016b75b-a94b-42b4-a98d-eeeddd7ac816/value - {"text":"haVv5pen"}
RESULT: {"text":"haVv5pen"}
COMMAND: POST /session/cf918508-7d45-400b-82fc-0996cd31b754/element - {"using":"xpath","value":"//*[@name=\"AUTH_ACTION\"]"}
RESULT: {"using":"xpath","value":"//*[@name=\"AUTH_ACTION\"]"}
COMMAND: POST /session/cf918508-7d45-400b-82fc-0996cd31b754/element/287a31b5-a500-4d31-ab0b-f6bbd2de4158/click - {}
COMMAND: GET /session/cf918508-7d45-400b-82fc-0996cd31b754/screenshot - {}
RESULT: {}
COMMAND: DELETE /session/cf918508-7d45-400b-82fc-0996cd31b754 - {}
RESULT: {}
]]></system-out>
      <system-err><![CDATA[
element not interactable: Element <input class="waybox-button" name="AUTH_ACTION" type="submit"> could not be scrolled into view
    at process.processTicksAndRejections (node:internal/process/task_queues:95:5)
    at async Context.<anonymous> (D:\JS Mentoring Program Mentee\Yauheniya_Rudzko_Automation_Program_Basic\at-with-js\wdio\test\specs\advancedCommands.spec.js:33:5)
]]></system-err>
    </testcase>
  </testsuite>
</testsuites>